Build started 03/12/2013 22:00:10.
     1>Project "C:\Users\Ethan\documents\visual studio 2010\Projects\LorenzMachine.cpp\LorenzMachine.cpp\LorenzMachine.cpp.vcxproj" on node 2 (build target(s)).
     1>InitializeBuildStatus:
         Touching "Debug\LorenzMachine.cpp.unsuccessfulbuild".
       ClCompile:
         All outputs are up-to-date.
         c:\Program Files (x86)\Microsoft Visual Studio 10.0\VC\bin\CL.exe /c /ZI /nologo /W3 /WX- /Od /Oy- /D WIN32 /D _DEBUG /D _CONSOLE /D _UNICODE /D UNICODE /Gm /EHsc /RTC1 /MDd /GS /fp:precise /Zc:wchar_t /Zc:forScope /Yu"StdAfx.h" /Fp"Debug\LorenzMachine.cpp.pch" /Fo"Debug\\" /Fd"Debug\vc100.pdb" /Gd /TP /analyze- /errorReport:prompt LorenzMachine.cpp
         LorenzMachine.cpp
       ManifestResourceCompile:
         All outputs are up-to-date.
       Link:
         c:\Program Files (x86)\Microsoft Visual Studio 10.0\VC\bin\link.exe /ERRORREPORT:PROMPT /OUT:"C:\Users\Ethan\documents\visual studio 2010\Projects\LorenzMachine.cpp\Debug\LorenzMachine.cpp.exe" /INCREMENTAL /NOLOGO kernel32.lib user32.lib gdi32.lib winspool.lib comdlg32.lib advapi32.lib shell32.lib ole32.lib oleaut32.lib uuid.lib odbc32.lib odbccp32.lib /MANIFEST /ManifestFile:"Debug\LorenzMachine.cpp.exe.intermediate.manifest" /MANIFESTUAC:"level='asInvoker' uiAccess='false'" /DEBUG /PDB:"C:\Users\Ethan\documents\visual studio 2010\Projects\LorenzMachine.cpp\Debug\LorenzMachine.cpp.pdb" /SUBSYSTEM:CONSOLE /TLBID:1 /DYNAMICBASE /NXCOMPAT /IMPLIB:"C:\Users\Ethan\documents\visual studio 2010\Projects\LorenzMachine.cpp\Debug\LorenzMachine.cpp.lib" /MACHINE:X86 Debug\LorenzMachine.cpp.exe.embed.manifest.res
         Debug\LorenzMachine.obj
         Debug\stdafx.obj
       Manifest:
         C:\Program Files (x86)\Microsoft SDKs\Windows\v7.0A\bin\mt.exe /nologo /verbose /out:"Debug\LorenzMachine.cpp.exe.embed.manifest" /manifest Debug\LorenzMachine.cpp.exe.intermediate.manifest
         All outputs are up-to-date.
       LinkEmbedManifest:
         All outputs are up-to-date.
         LorenzMachine.cpp.vcxproj -> C:\Users\Ethan\documents\visual studio 2010\Projects\LorenzMachine.cpp\Debug\LorenzMachine.cpp.exe
       FinalizeBuildStatus:
         Deleting file "Debug\LorenzMachine.cpp.unsuccessfulbuild".
         Touching "Debug\LorenzMachine.cpp.lastbuildstate".
     1>Done Building Project "C:\Users\Ethan\documents\visual studio 2010\Projects\LorenzMachine.cpp\LorenzMachine.cpp\LorenzMachine.cpp.vcxproj" (build target(s)).

Build succeeded.

Time Elapsed 00:00:01.32
